<?xml version="1.0" encoding="UTF-8"?>
<!-- Generated by org.testng.reporters.JUnitReportReporter -->
<testsuite skipped="0" hostname="840G3" name="TailoredSuiteChrome.AB_suit" tests="3" failures="0" timestamp="2021-05-31T12:49:11 PKT" time="1.112" errors="0">
  <testcase name="testAddNewGroup" time="0.592" classname="TailoredSuiteChrome.AB_suit"/>
  <system-out/>
  <testcase name="testExportAllRecordCSVFile" time="0.199" classname="TailoredSuiteChrome.AB_suit"/>
  <system-out/>
  <testcase name="CheckPhonesTest" time="0.321" classname="TailoredSuiteChrome.AB_suit"/>
  <system-out/>
</testsuite> <!-- TailoredSuiteChrome.AB_suit -->
