<?xml version="1.0" encoding="UTF-8"?>
<!-- Generated by org.testng.reporters.JUnitReportReporter -->
<testsuite skipped="1" hostname="840G3" name="InputSuite.TestManage" tests="1" failures="0" timestamp="2021-03-15T19:11:27 PKT" time="0.000" errors="0">
  <testcase name="testManage" time="0.000" classname="InputSuite.TestManage">
    <skipped/>
  </testcase> <!-- testManage -->
  <system-out/>
</testsuite> <!-- InputSuite.TestManage -->
