<?xml version="1.0" encoding="UTF-8"?>
<!-- Generated by org.testng.reporters.JUnitReportReporter -->
<testsuite skipped="1" hostname="840G3" name="InputSuite.TestAddEmptyCourse" tests="1" failures="0" timestamp="2021-03-15T19:11:28 PKT" time="0.000" errors="0">
  <testcase name="testAddEmptyCourse" time="0.000" classname="InputSuite.TestAddEmptyCourse">
    <skipped/>
  </testcase> <!-- testAddEmptyCourse -->
  <system-out/>
</testsuite> <!-- InputSuite.TestAddEmptyCourse -->
