<?xml version="1.0" encoding="UTF-8"?>
<!-- Generated by org.testng.reporters.JUnitReportReporter -->
<testsuite skipped="0" hostname="840G3" name="IntermediateSuite.MantisBTSuite" tests="3" failures="0" timestamp="2021-05-21T02:20:03 PKT" time="34.386" errors="0">
  <testcase name="addCategoryTest" time="9.602" classname="IntermediateSuite.MantisBTSuite"/>
  <system-out/>
  <testcase name="updateCategoryTest" time="12.506" classname="IntermediateSuite.MantisBTSuite"/>
  <system-out/>
  <testcase name="assignCategoryToUser" time="12.278" classname="IntermediateSuite.MantisBTSuite"/>
  <system-out/>
</testsuite> <!-- IntermediateSuite.MantisBTSuite -->
