<?xml version="1.0" encoding="UTF-8"?>
<!-- Generated by org.testng.reporters.JUnitReportReporter -->
<testsuite skipped="0" hostname="840G3" name="TailoredSuiteEdge.RegFormPageXpathTimeOutElementNotInteractableSeeding" tests="1" failures="0" timestamp="2021-04-17T23:34:13 PKT" time="0.574" errors="0">
  <testcase name="testRegistrationFields" time="0.574" classname="TailoredSuiteEdge.RegFormPageXpathTimeOutElementNotInteractableSeeding"/>
  <system-out/>
</testsuite> <!-- TailoredSuiteEdge.RegFormPageXpathTimeOutElementNotInteractableSeeding -->
