<?xml version="1.0" encoding="UTF-8"?>
<!-- Generated by org.testng.reporters.JUnitReportReporter -->
<testsuite skipped="0" hostname="840G3" name="TailoredSuiteInternetExplorer.RegFormPageXpathTimeOutElementNotInteractableSeeding" tests="1" failures="0" timestamp="2021-04-18T00:13:33 PKT" time="2.845" errors="0">
  <testcase name="testRegistrationFields" time="2.845" classname="TailoredSuiteInternetExplorer.RegFormPageXpathTimeOutElementNotInteractableSeeding"/>
  <system-out/>
</testsuite> <!-- TailoredSuiteInternetExplorer.RegFormPageXpathTimeOutElementNotInteractableSeeding -->
