<?xml version="1.0" encoding="UTF-8"?>
<!-- Generated by org.testng.reporters.JUnitReportReporter -->
<testsuite skipped="0" hostname="840G3" name="TailoredSuiteFirefox.RegFormPagetestTimeOutexceptionSeeding" tests="1" failures="0" timestamp="2021-04-17T01:14:49 PKT" time="1.116" errors="0">
  <testcase name="testRegistrationFields" time="1.116" classname="TailoredSuiteFirefox.RegFormPagetestTimeOutexceptionSeeding"/>
  <system-out/>
</testsuite> <!-- TailoredSuiteFirefox.RegFormPagetestTimeOutexceptionSeeding -->
