<?xml version="1.0" encoding="UTF-8"?>
<!-- Generated by org.testng.reporters.JUnitReportReporter -->
<testsuite skipped="50" hostname="840G3" name="InputSuite.MantisBTSuite" tests="51" failures="0" timestamp="2021-06-06T15:08:38 PKT" time="0.025" errors="1">
  <testcase name="addProjectTest001" time="0.000" classname="InputSuite.MantisBTSuite">
    <skipped/>
  </testcase> <!-- addProjectTest001 -->
  <system-out/>
  <testcase name="addProjectTest" time="0.000" classname="InputSuite.MantisBTSuite">
    <skipped/>
  </testcase> <!-- addProjectTest -->
  <system-out/>
  <testcase name="Setup" time="0.025" classname="InputSuite.MantisBTSuite">
    <error type="java.lang.NoClassDefFoundError" message="org/apache/commons/exec/Executor">
      <![CDATA[java.lang.NoClassDefFoundError: org/apache/commons/exec/Executor
at org.openqa.selenium.os.CommandLine.<init>(CommandLine.java:38)
at org.openqa.selenium.remote.service.DriverService.start(DriverService.java:174)
at org.openqa.selenium.remote.service.DriverCommandExecutor.execute(DriverCommandExecutor.java:79)
at org.openqa.selenium.remote.RemoteWebDriver.execute(RemoteWebDriver.java:552)
at org.openqa.selenium.remote.RemoteWebDriver.startSession(RemoteWebDriver.java:213)
at org.openqa.selenium.remote.RemoteWebDriver.<init>(RemoteWebDriver.java:131)
at org.openqa.selenium.firefox.FirefoxDriver.<init>(FirefoxDriver.java:147)
at org.openqa.selenium.firefox.FirefoxDriver.<init>(FirefoxDriver.java:125)
at InputSuite.MantisBTSuite.Setup(MantisBTSuite.java:41)
at sun.reflect.NativeMethodAccessorImpl.invoke0(Native Method)
at sun.reflect.NativeMethodAccessorImpl.invoke(Unknown Source)
at sun.reflect.DelegatingMethodAccessorImpl.invoke(Unknown Source)
at java.lang.reflect.Method.invoke(Unknown Source)
at org.testng.internal.MethodInvocationHelper.invokeMethod(MethodInvocationHelper.java:132)
at org.testng.internal.MethodInvocationHelper.invokeMethodConsideringTimeout(MethodInvocationHelper.java:61)
at org.testng.internal.ConfigInvoker.invokeConfigurationMethod(ConfigInvoker.java:366)
at org.testng.internal.ConfigInvoker.invokeConfigurations(ConfigInvoker.java:320)
at org.testng.internal.TestMethodWorker.invokeBeforeClassMethods(TestMethodWorker.java:176)
at org.testng.internal.TestMethodWorker.run(TestMethodWorker.java:122)
at java.util.ArrayList.forEach(Unknown Source)
at org.testng.TestRunner.privateRun(TestRunner.java:764)
at org.testng.TestRunner.run(TestRunner.java:585)
at org.testng.SuiteRunner.runTest(SuiteRunner.java:384)
at org.testng.SuiteRunner.runSequentially(SuiteRunner.java:378)
at org.testng.SuiteRunner.privateRun(SuiteRunner.java:337)
at org.testng.SuiteRunner.run(SuiteRunner.java:286)
at org.testng.SuiteRunnerWorker.runSuite(SuiteRunnerWorker.java:53)
at org.testng.SuiteRunnerWorker.run(SuiteRunnerWorker.java:96)
at org.testng.TestNG.runSuitesSequentially(TestNG.java:1218)
at org.testng.TestNG.runSuitesLocally(TestNG.java:1140)
at org.testng.TestNG.runSuites(TestNG.java:1069)
at org.testng.TestNG.run(TestNG.java:1037)
at Logics.TestNGRunner.testRunner(TestNGRunner.java:56)
at View.Index.lambda$3(Index.java:197)
at com.sun.javafx.event.CompositeEventHandler.dispatchBubblingEvent(CompositeEventHandler.java:86)
at com.sun.javafx.event.EventHandlerManager.dispatchBubblingEvent(EventHandlerManager.java:238)
at com.sun.javafx.event.EventHandlerManager.dispatchBubblingEvent(EventHandlerManager.java:191)
at com.sun.javafx.event.CompositeEventDispatcher.dispatchBubblingEvent(CompositeEventDispatcher.java:59)
at com.sun.javafx.event.BasicEventDispatcher.dispatchEvent(BasicEventDispatcher.java:58)
at com.sun.javafx.event.EventDispatchChainImpl.dispatchEvent(EventDispatchChainImpl.java:114)
at com.sun.javafx.event.BasicEventDispatcher.dispatchEvent(BasicEventDispatcher.java:56)
at com.sun.javafx.event.EventDispatchChainImpl.dispatchEvent(EventDispatchChainImpl.java:114)
at com.sun.javafx.event.BasicEventDispatcher.dispatchEvent(BasicEventDispatcher.java:56)
at com.sun.javafx.event.EventDispatchChainImpl.dispatchEvent(EventDispatchChainImpl.java:114)
at com.sun.javafx.event.EventUtil.fireEventImpl(EventUtil.java:74)
at com.sun.javafx.event.EventUtil.fireEvent(EventUtil.java:49)
at javafx.event.Event.fireEvent(Event.java:198)
at javafx.scene.Node.fireEvent(Node.java:8411)
at javafx.scene.control.Button.fire(Button.java:185)
at com.sun.javafx.scene.control.behavior.ButtonBehavior.mouseReleased(ButtonBehavior.java:182)
at com.sun.javafx.scene.control.skin.BehaviorSkinBase$1.handle(BehaviorSkinBase.java:96)
at com.sun.javafx.scene.control.skin.BehaviorSkinBase$1.handle(BehaviorSkinBase.java:89)
at com.sun.javafx.event.CompositeEventHandler$NormalEventHandlerRecord.handleBubblingEvent(CompositeEventHandler.java:218)
at com.sun.javafx.event.CompositeEventHandler.dispatchBubblingEvent(CompositeEventHandler.java:80)
at com.sun.javafx.event.EventHandlerManager.dispatchBubblingEvent(EventHandlerManager.java:238)
at com.sun.javafx.event.EventHandlerManager.dispatchBubblingEvent(EventHandlerManager.java:191)
at com.sun.javafx.event.CompositeEventDispatcher.dispatchBubblingEvent(CompositeEventDispatcher.java:59)
at com.sun.javafx.event.BasicEventDispatcher.dispatchEvent(BasicEventDispatcher.java:58)
at com.sun.javafx.event.EventDispatchChainImpl.dispatchEvent(EventDispatchChainImpl.java:114)
at com.sun.javafx.event.BasicEventDispatcher.dispatchEvent(BasicEventDispatcher.java:56)
at com.sun.javafx.event.EventDispatchChainImpl.dispatchEvent(EventDispatchChainImpl.java:114)
at com.sun.javafx.event.BasicEventDispatcher.dispatchEvent(BasicEventDispatcher.java:56)
at com.sun.javafx.event.EventDispatchChainImpl.dispatchEvent(EventDispatchChainImpl.java:114)
at com.sun.javafx.event.EventUtil.fireEventImpl(EventUtil.java:74)
at com.sun.javafx.event.EventUtil.fireEvent(EventUtil.java:54)
at javafx.event.Event.fireEvent(Event.java:198)
at javafx.scene.Scene$MouseHandler.process(Scene.java:3757)
at javafx.scene.Scene$MouseHandler.access$1500(Scene.java:3485)
at javafx.scene.Scene.impl_processMouseEvent(Scene.java:1762)
at javafx.scene.Scene$ScenePeerListener.mouseEvent(Scene.java:2494)
at com.sun.javafx.tk.quantum.GlassViewEventHandler$MouseEventNotification.run(GlassViewEventHandler.java:394)
at com.sun.javafx.tk.quantum.GlassViewEventHandler$MouseEventNotification.run(GlassViewEventHandler.java:295)
at java.security.AccessController.doPrivileged(Native Method)
at com.sun.javafx.tk.quantum.GlassViewEventHandler.lambda$handleMouseEvent$2(GlassViewEventHandler.java:432)
at com.sun.javafx.tk.quantum.QuantumToolkit.runWithoutRenderLock(QuantumToolkit.java:410)
at com.sun.javafx.tk.quantum.GlassViewEventHandler.handleMouseEvent(GlassViewEventHandler.java:431)
at com.sun.glass.ui.View.handleMouseEvent(View.java:555)
at com.sun.glass.ui.View.notifyMouse(View.java:937)
at com.sun.glass.ui.win.WinApplication._runLoop(Native Method)
at com.sun.glass.ui.win.WinApplication.lambda$null$4(WinApplication.java:186)
at java.lang.Thread.run(Unknown Source)
Caused by: java.lang.ClassNotFoundException: org.apache.commons.exec.Executor
at java.net.URLClassLoader.findClass(Unknown Source)
at java.lang.ClassLoader.loadClass(Unknown Source)
at sun.misc.Launcher$AppClassLoader.loadClass(Unknown Source)
at java.lang.ClassLoader.loadClass(Unknown Source)
... 81 more
]]>
    </error>
  </testcase> <!-- Setup -->
  <system-out/>
  <testcase name="addProjectEmptyTest" time="0.000" classname="InputSuite.MantisBTSuite">
    <skipped/>
  </testcase> <!-- addProjectEmptyTest -->
  <system-out/>
  <testcase name="addProjectWrongTest" time="0.000" classname="InputSuite.MantisBTSuite">
    <skipped/>
  </testcase> <!-- addProjectWrongTest -->
  <system-out/>
  <testcase name="addCategoryEmptyTest" time="0.000" classname="InputSuite.MantisBTSuite">
    <skipped/>
  </testcase> <!-- addCategoryEmptyTest -->
  <system-out/>
  <testcase name="addCategoryTest" time="0.000" classname="InputSuite.MantisBTSuite">
    <skipped/>
  </testcase> <!-- addCategoryTest -->
  <system-out/>
  <testcase name="updateCategoryTest" time="0.000" classname="InputSuite.MantisBTSuite">
    <skipped/>
  </testcase> <!-- updateCategoryTest -->
  <system-out/>
  <testcase name="addCategoryWrongTest" time="0.000" classname="InputSuite.MantisBTSuite">
    <skipped/>
  </testcase> <!-- addCategoryWrongTest -->
  <system-out/>
  <testcase name="assignCategoryToUser" time="0.000" classname="InputSuite.MantisBTSuite">
    <skipped/>
  </testcase> <!-- assignCategoryToUser -->
  <system-out/>
  <testcase name="deletCategoryTest" time="0.000" classname="InputSuite.MantisBTSuite">
    <skipped/>
  </testcase> <!-- deletCategoryTest -->
  <system-out/>
  <testcase name="addNewsTest" time="0.000" classname="InputSuite.MantisBTSuite">
    <skipped/>
  </testcase> <!-- addNewsTest -->
  <system-out/>
  <testcase name="editNewsTest" time="0.000" classname="InputSuite.MantisBTSuite">
    <skipped/>
  </testcase> <!-- editNewsTest -->
  <system-out/>
  <testcase name="addNewsTestMultiple" time="0.000" classname="InputSuite.MantisBTSuite">
    <skipped/>
  </testcase> <!-- addNewsTestMultiple -->
  <system-out/>
  <testcase name="addNegativeNEwsTest" time="0.000" classname="InputSuite.MantisBTSuite">
    <skipped/>
  </testcase> <!-- addNegativeNEwsTest -->
  <system-out/>
  <testcase name="editNegativeNewsTest" time="0.000" classname="InputSuite.MantisBTSuite">
    <skipped/>
  </testcase> <!-- editNegativeNewsTest -->
  <system-out/>
  <testcase name="DeleteNews" time="0.000" classname="InputSuite.MantisBTSuite">
    <skipped/>
  </testcase> <!-- DeleteNews -->
  <system-out/>
  <testcase name="DeleteNewsMultipletest" time="0.000" classname="InputSuite.MantisBTSuite">
    <skipped/>
  </testcase> <!-- DeleteNewsMultipletest -->
  <system-out/>
  <testcase name="addUserTest" time="0.000" classname="InputSuite.MantisBTSuite">
    <skipped/>
  </testcase> <!-- addUserTest -->
  <system-out/>
  <testcase name="addUserEmptyTest" time="0.000" classname="InputSuite.MantisBTSuite">
    <skipped/>
  </testcase> <!-- addUserEmptyTest -->
  <system-out/>
  <testcase name="addMultipleUsersTest" time="0.000" classname="InputSuite.MantisBTSuite">
    <skipped/>
  </testcase> <!-- addMultipleUsersTest -->
  <system-out/>
  <testcase name="addUserWrongTest" time="0.000" classname="InputSuite.MantisBTSuite">
    <skipped/>
  </testcase> <!-- addUserWrongTest -->
  <system-out/>
  <testcase name="updateUserEmptyTest" time="0.000" classname="InputSuite.MantisBTSuite">
    <skipped/>
  </testcase> <!-- updateUserEmptyTest -->
  <system-out/>
  <testcase name="updateUserTest" time="0.000" classname="InputSuite.MantisBTSuite">
    <skipped/>
  </testcase> <!-- updateUserTest -->
  <system-out/>
  <testcase name="deleteUserTest" time="0.000" classname="InputSuite.MantisBTSuite">
    <skipped/>
  </testcase> <!-- deleteUserTest -->
  <system-out/>
  <testcase name="deleteMultipleUserTest" time="0.000" classname="InputSuite.MantisBTSuite">
    <skipped/>
  </testcase> <!-- deleteMultipleUserTest -->
  <system-out/>
  <testcase name="resetUserPreferencesTest" time="0.000" classname="InputSuite.MantisBTSuite">
    <skipped/>
  </testcase> <!-- resetUserPreferencesTest -->
  <system-out/>
  <testcase name="addSubProjectTest" time="0.000" classname="InputSuite.MantisBTSuite">
    <skipped/>
  </testcase> <!-- addSubProjectTest -->
  <system-out/>
  <testcase name="linkSubProjectTest" time="0.000" classname="InputSuite.MantisBTSuite">
    <skipped/>
  </testcase> <!-- linkSubProjectTest -->
  <system-out/>
  <testcase name="linkMulitpleSubProjectTest" time="0.000" classname="InputSuite.MantisBTSuite">
    <skipped/>
  </testcase> <!-- linkMulitpleSubProjectTest -->
  <system-out/>
  <testcase name="updateProjectTest" time="0.000" classname="InputSuite.MantisBTSuite">
    <skipped/>
  </testcase> <!-- updateProjectTest -->
  <system-out/>
  <testcase name="updateProjectStatusTest" time="0.000" classname="InputSuite.MantisBTSuite">
    <skipped/>
  </testcase> <!-- updateProjectStatusTest -->
  <system-out/>
  <testcase name="updateProjectDescriptionTest" time="0.000" classname="InputSuite.MantisBTSuite">
    <skipped/>
  </testcase> <!-- updateProjectDescriptionTest -->
  <system-out/>
  <testcase name="unlinkSubProjectTest" time="0.000" classname="InputSuite.MantisBTSuite">
    <skipped/>
  </testcase> <!-- unlinkSubProjectTest -->
  <system-out/>
  <testcase name="unlinkMultipleSubProjectTest" time="0.000" classname="InputSuite.MantisBTSuite">
    <skipped/>
  </testcase> <!-- unlinkMultipleSubProjectTest -->
  <system-out/>
  <testcase name="updateProjectViewStatusTest" time="0.000" classname="InputSuite.MantisBTSuite">
    <skipped/>
  </testcase> <!-- updateProjectViewStatusTest -->
  <system-out/>
  <testcase name="addProfileTest" time="0.000" classname="InputSuite.MantisBTSuite">
    <skipped/>
  </testcase> <!-- addProfileTest -->
  <system-out/>
  <testcase name="addNegativeProfileTest" time="0.000" classname="InputSuite.MantisBTSuite">
    <skipped/>
  </testcase> <!-- addNegativeProfileTest -->
  <system-out/>
  <testcase name="editProfileTest" time="0.000" classname="InputSuite.MantisBTSuite">
    <skipped/>
  </testcase> <!-- editProfileTest -->
  <system-out/>
  <testcase name="editNegativeProfileTest" time="0.000" classname="InputSuite.MantisBTSuite">
    <skipped/>
  </testcase> <!-- editNegativeProfileTest -->
  <system-out/>
  <testcase name="deleteProfileTest" time="0.000" classname="InputSuite.MantisBTSuite">
    <skipped/>
  </testcase> <!-- deleteProfileTest -->
  <system-out/>
  <testcase name="deleteProjectTest" time="0.000" classname="InputSuite.MantisBTSuite">
    <skipped/>
  </testcase> <!-- deleteProjectTest -->
  <system-out/>
  <testcase name="deleteSubProjectTest" time="0.000" classname="InputSuite.MantisBTSuite">
    <skipped/>
  </testcase> <!-- deleteSubProjectTest -->
  <system-out/>
  <testcase name="deleteMultipleSubProjectTest" time="0.000" classname="InputSuite.MantisBTSuite">
    <skipped/>
  </testcase> <!-- deleteMultipleSubProjectTest -->
  <system-out/>
  <testcase name="ViewIssueTest" time="0.000" classname="InputSuite.MantisBTSuite">
    <skipped/>
  </testcase> <!-- ViewIssueTest -->
  <system-out/>
  <testcase name="ReportTest" time="0.000" classname="InputSuite.MantisBTSuite">
    <skipped/>
  </testcase> <!-- ReportTest -->
  <system-out/>
  <testcase name="ChangeLogTest" time="0.000" classname="InputSuite.MantisBTSuite">
    <skipped/>
  </testcase> <!-- ChangeLogTest -->
  <system-out/>
  <testcase name="roadMapTest" time="0.000" classname="InputSuite.MantisBTSuite">
    <skipped/>
  </testcase> <!-- roadMapTest -->
  <system-out/>
  <testcase name="SummaryTest" time="0.000" classname="InputSuite.MantisBTSuite">
    <skipped/>
  </testcase> <!-- SummaryTest -->
  <system-out/>
  <testcase name="logoutTest" time="0.000" classname="InputSuite.MantisBTSuite">
    <skipped/>
  </testcase> <!-- logoutTest -->
  <system-out/>
  <testcase name="nagativeLoginTest" time="0.000" classname="InputSuite.MantisBTSuite">
    <skipped/>
  </testcase> <!-- nagativeLoginTest -->
  <system-out/>
</testsuite> <!-- InputSuite.MantisBTSuite -->
