<?xml version="1.0" encoding="UTF-8"?>
<!-- Generated by org.testng.reporters.JUnitReportReporter -->
<testsuite skipped="0" hostname="840G3" name="InputSuite.RegFormPagetest" tests="1" failures="0" timestamp="2021-04-07T23:25:17 PKT" time="0.651" errors="0">
  <testcase name="testRegistrationFields" time="0.651" classname="InputSuite.RegFormPagetest"/>
  <system-out/>
</testsuite> <!-- InputSuite.RegFormPagetest -->
