<?xml version="1.0" encoding="UTF-8"?>
<!-- Generated by org.testng.reporters.JUnitReportReporter -->
<testsuite skipped="0" hostname="840G3" name="TailoredSuiteEdge.RegFormPagetest" tests="1" failures="0" timestamp="2021-04-07T23:22:18 PKT" time="0.776" errors="0">
  <testcase name="testRegistrationFields" time="0.776" classname="TailoredSuiteEdge.RegFormPagetest"/>
  <system-out/>
</testsuite> <!-- TailoredSuiteEdge.RegFormPagetest -->
