<?xml version="1.0" encoding="UTF-8"?>
<!-- Generated by org.testng.reporters.JUnitReportReporter -->
<testsuite skipped="0" hostname="840G3" name="IntermediateSuite.RegpageXpathSeeding" tests="1" failures="0" timestamp="2021-04-16T00:32:31 PKT" time="1.051" errors="0">
  <testcase name="testRegistrationFields" time="1.051" classname="IntermediateSuite.RegpageXpathSeeding"/>
  <system-out/>
</testsuite> <!-- IntermediateSuite.RegpageXpathSeeding -->
