<?xml version="1.0" encoding="UTF-8"?>
<!-- Generated by org.testng.reporters.JUnitReportReporter -->
<testsuite skipped="1" hostname="840G3" name="InputSuite.TestAddNewCategory" tests="1" failures="0" timestamp="2021-03-15T19:11:27 PKT" time="0.000" errors="0">
  <testcase name="testAddNewCategory" time="0.000" classname="InputSuite.TestAddNewCategory">
    <skipped/>
  </testcase> <!-- testAddNewCategory -->
  <system-out/>
</testsuite> <!-- InputSuite.TestAddNewCategory -->
