<?xml version="1.0" encoding="UTF-8"?>
<!-- Generated by org.testng.reporters.JUnitReportReporter -->
<testsuite skipped="1" hostname="840G3" name="InputSuite.TestAddCourse" tests="1" failures="0" timestamp="2021-03-15T19:11:28 PKT" time="0.000" errors="0">
  <testcase name="testAddCourse" time="0.000" classname="InputSuite.TestAddCourse">
    <skipped/>
  </testcase> <!-- testAddCourse -->
  <system-out/>
</testsuite> <!-- InputSuite.TestAddCourse -->
