<?xml version="1.0" encoding="UTF-8"?>
<!-- Generated by org.testng.reporters.JUnitReportReporter -->
<testsuite skipped="0" hostname="840G3" name="IntermediateSuite.ClarolineTestScripts" tests="1" failures="0" timestamp="2021-06-02T00:58:08 PKT" time="15.166" errors="0">
  <testcase name="testAddCourse" time="15.166" classname="IntermediateSuite.ClarolineTestScripts"/>
  <system-out/>
</testsuite> <!-- IntermediateSuite.ClarolineTestScripts -->
