<?xml version="1.0" encoding="UTF-8"?>
<!-- Generated by org.testng.reporters.JUnitReportReporter -->
<testsuite skipped="0" hostname="840G3" name="TailoredSuiteFirefox.MantisBTSuite" tests="3" failures="0" timestamp="2021-05-21T02:21:02 PKT" time="31.874" errors="0">
  <testcase name="addCategoryTest" time="8.434" classname="TailoredSuiteFirefox.MantisBTSuite"/>
  <system-out/>
  <testcase name="updateCategoryTest" time="11.952" classname="TailoredSuiteFirefox.MantisBTSuite"/>
  <system-out/>
  <testcase name="assignCategoryToUser" time="11.488" classname="TailoredSuiteFirefox.MantisBTSuite"/>
  <system-out/>
</testsuite> <!-- TailoredSuiteFirefox.MantisBTSuite -->
