<?xml version="1.0" encoding="UTF-8"?>
<!-- Generated by org.testng.reporters.JUnitReportReporter -->
<testsuite skipped="27" hostname="840G3" name="InputSuite.AB_suit" tests="28" failures="0" timestamp="2021-06-06T15:06:00 PKT" time="0.071" errors="1">
  <testcase name="Setup" time="0.071" classname="InputSuite.AB_suit">
    <error type="java.lang.NoClassDefFoundError" message="org/apache/commons/exec/Executor">
      <![CDATA[java.lang.NoClassDefFoundError: org/apache/commons/exec/Executor
at org.openqa.selenium.os.CommandLine.<init>(CommandLine.java:38)
at org.openqa.selenium.remote.service.DriverService.start(DriverService.java:174)
at org.openqa.selenium.remote.service.DriverCommandExecutor.execute(DriverCommandExecutor.java:79)
at org.openqa.selenium.remote.RemoteWebDriver.execute(RemoteWebDriver.java:552)
at org.openqa.selenium.remote.RemoteWebDriver.startSession(RemoteWebDriver.java:213)
at org.openqa.selenium.remote.RemoteWebDriver.<init>(RemoteWebDriver.java:131)
at org.openqa.selenium.firefox.FirefoxDriver.<init>(FirefoxDriver.java:147)
at org.openqa.selenium.firefox.FirefoxDriver.<init>(FirefoxDriver.java:125)
at InputSuite.AB_suit.Setup(AB_suit.java:82)
at sun.reflect.NativeMethodAccessorImpl.invoke0(Native Method)
at sun.reflect.NativeMethodAccessorImpl.invoke(Unknown Source)
at sun.reflect.DelegatingMethodAccessorImpl.invoke(Unknown Source)
at java.lang.reflect.Method.invoke(Unknown Source)
at org.testng.internal.MethodInvocationHelper.invokeMethod(MethodInvocationHelper.java:132)
at org.testng.internal.MethodInvocationHelper.invokeMethodConsideringTimeout(MethodInvocationHelper.java:61)
at org.testng.internal.ConfigInvoker.invokeConfigurationMethod(ConfigInvoker.java:366)
at org.testng.internal.ConfigInvoker.invokeConfigurations(ConfigInvoker.java:320)
at org.testng.internal.TestMethodWorker.invokeBeforeClassMethods(TestMethodWorker.java:176)
at org.testng.internal.TestMethodWorker.run(TestMethodWorker.java:122)
at java.util.ArrayList.forEach(Unknown Source)
at org.testng.TestRunner.privateRun(TestRunner.java:764)
at org.testng.TestRunner.run(TestRunner.java:585)
at org.testng.SuiteRunner.runTest(SuiteRunner.java:384)
at org.testng.SuiteRunner.runSequentially(SuiteRunner.java:378)
at org.testng.SuiteRunner.privateRun(SuiteRunner.java:337)
at org.testng.SuiteRunner.run(SuiteRunner.java:286)
at org.testng.SuiteRunnerWorker.runSuite(SuiteRunnerWorker.java:53)
at org.testng.SuiteRunnerWorker.run(SuiteRunnerWorker.java:96)
at org.testng.TestNG.runSuitesSequentially(TestNG.java:1218)
at org.testng.TestNG.runSuitesLocally(TestNG.java:1140)
at org.testng.TestNG.runSuites(TestNG.java:1069)
at org.testng.TestNG.run(TestNG.java:1037)
at Logics.TestNGRunner.testRunner(TestNGRunner.java:56)
at View.Index.lambda$3(Index.java:197)
at com.sun.javafx.event.CompositeEventHandler.dispatchBubblingEvent(CompositeEventHandler.java:86)
at com.sun.javafx.event.EventHandlerManager.dispatchBubblingEvent(EventHandlerManager.java:238)
at com.sun.javafx.event.EventHandlerManager.dispatchBubblingEvent(EventHandlerManager.java:191)
at com.sun.javafx.event.CompositeEventDispatcher.dispatchBubblingEvent(CompositeEventDispatcher.java:59)
at com.sun.javafx.event.BasicEventDispatcher.dispatchEvent(BasicEventDispatcher.java:58)
at com.sun.javafx.event.EventDispatchChainImpl.dispatchEvent(EventDispatchChainImpl.java:114)
at com.sun.javafx.event.BasicEventDispatcher.dispatchEvent(BasicEventDispatcher.java:56)
at com.sun.javafx.event.EventDispatchChainImpl.dispatchEvent(EventDispatchChainImpl.java:114)
at com.sun.javafx.event.BasicEventDispatcher.dispatchEvent(BasicEventDispatcher.java:56)
at com.sun.javafx.event.EventDispatchChainImpl.dispatchEvent(EventDispatchChainImpl.java:114)
at com.sun.javafx.event.EventUtil.fireEventImpl(EventUtil.java:74)
at com.sun.javafx.event.EventUtil.fireEvent(EventUtil.java:49)
at javafx.event.Event.fireEvent(Event.java:198)
at javafx.scene.Node.fireEvent(Node.java:8411)
at javafx.scene.control.Button.fire(Button.java:185)
at com.sun.javafx.scene.control.behavior.ButtonBehavior.mouseReleased(ButtonBehavior.java:182)
at com.sun.javafx.scene.control.skin.BehaviorSkinBase$1.handle(BehaviorSkinBase.java:96)
at com.sun.javafx.scene.control.skin.BehaviorSkinBase$1.handle(BehaviorSkinBase.java:89)
at com.sun.javafx.event.CompositeEventHandler$NormalEventHandlerRecord.handleBubblingEvent(CompositeEventHandler.java:218)
at com.sun.javafx.event.CompositeEventHandler.dispatchBubblingEvent(CompositeEventHandler.java:80)
at com.sun.javafx.event.EventHandlerManager.dispatchBubblingEvent(EventHandlerManager.java:238)
at com.sun.javafx.event.EventHandlerManager.dispatchBubblingEvent(EventHandlerManager.java:191)
at com.sun.javafx.event.CompositeEventDispatcher.dispatchBubblingEvent(CompositeEventDispatcher.java:59)
at com.sun.javafx.event.BasicEventDispatcher.dispatchEvent(BasicEventDispatcher.java:58)
at com.sun.javafx.event.EventDispatchChainImpl.dispatchEvent(EventDispatchChainImpl.java:114)
at com.sun.javafx.event.BasicEventDispatcher.dispatchEvent(BasicEventDispatcher.java:56)
at com.sun.javafx.event.EventDispatchChainImpl.dispatchEvent(EventDispatchChainImpl.java:114)
at com.sun.javafx.event.BasicEventDispatcher.dispatchEvent(BasicEventDispatcher.java:56)
at com.sun.javafx.event.EventDispatchChainImpl.dispatchEvent(EventDispatchChainImpl.java:114)
at com.sun.javafx.event.EventUtil.fireEventImpl(EventUtil.java:74)
at com.sun.javafx.event.EventUtil.fireEvent(EventUtil.java:54)
at javafx.event.Event.fireEvent(Event.java:198)
at javafx.scene.Scene$MouseHandler.process(Scene.java:3757)
at javafx.scene.Scene$MouseHandler.access$1500(Scene.java:3485)
at javafx.scene.Scene.impl_processMouseEvent(Scene.java:1762)
at javafx.scene.Scene$ScenePeerListener.mouseEvent(Scene.java:2494)
at com.sun.javafx.tk.quantum.GlassViewEventHandler$MouseEventNotification.run(GlassViewEventHandler.java:394)
at com.sun.javafx.tk.quantum.GlassViewEventHandler$MouseEventNotification.run(GlassViewEventHandler.java:295)
at java.security.AccessController.doPrivileged(Native Method)
at com.sun.javafx.tk.quantum.GlassViewEventHandler.lambda$handleMouseEvent$2(GlassViewEventHandler.java:432)
at com.sun.javafx.tk.quantum.QuantumToolkit.runWithoutRenderLock(QuantumToolkit.java:410)
at com.sun.javafx.tk.quantum.GlassViewEventHandler.handleMouseEvent(GlassViewEventHandler.java:431)
at com.sun.glass.ui.View.handleMouseEvent(View.java:555)
at com.sun.glass.ui.View.notifyMouse(View.java:937)
at com.sun.glass.ui.win.WinApplication._runLoop(Native Method)
at com.sun.glass.ui.win.WinApplication.lambda$null$4(WinApplication.java:186)
at java.lang.Thread.run(Unknown Source)
Caused by: java.lang.ClassNotFoundException: org.apache.commons.exec.Executor
at java.net.URLClassLoader.findClass(Unknown Source)
at java.lang.ClassLoader.loadClass(Unknown Source)
at sun.misc.Launcher$AppClassLoader.loadClass(Unknown Source)
at java.lang.ClassLoader.loadClass(Unknown Source)
... 81 more
]]>
    </error>
  </testcase> <!-- Setup -->
  <system-out/>
  <testcase name="testGroups" time="0.000" classname="InputSuite.AB_suit">
    <skipped/>
  </testcase> <!-- testGroups -->
  <system-out/>
  <testcase name="testAddNewGroup" time="0.000" classname="InputSuite.AB_suit">
    <skipped/>
  </testcase> <!-- testAddNewGroup -->
  <system-out/>
  <testcase name="testeditGroup" time="0.000" classname="InputSuite.AB_suit">
    <skipped/>
  </testcase> <!-- testeditGroup -->
  <system-out/>
  <testcase name="testaddNewPage" time="0.000" classname="InputSuite.AB_suit">
    <skipped/>
  </testcase> <!-- testaddNewPage -->
  <system-out/>
  <testcase name="testaddNewContact" time="0.000" classname="InputSuite.AB_suit">
    <skipped/>
  </testcase> <!-- testaddNewContact -->
  <system-out/>
  <testcase name="testdeleteItem" time="0.000" classname="InputSuite.AB_suit">
    <skipped/>
  </testcase> <!-- testdeleteItem -->
  <system-out/>
  <testcase name="testAssignGroup" time="0.000" classname="InputSuite.AB_suit">
    <skipped/>
  </testcase> <!-- testAssignGroup -->
  <system-out/>
  <testcase name="testprintAll" time="0.000" classname="InputSuite.AB_suit">
    <skipped/>
  </testcase> <!-- testprintAll -->
  <system-out/>
  <testcase name="testprintPhones" time="0.000" classname="InputSuite.AB_suit">
    <skipped/>
  </testcase> <!-- testprintPhones -->
  <system-out/>
  <testcase name="testExportAllRecordCSVFile" time="0.000" classname="InputSuite.AB_suit">
    <skipped/>
  </testcase> <!-- testExportAllRecordCSVFile -->
  <system-out/>
  <testcase name="testnextBirthdays" time="0.000" classname="InputSuite.AB_suit">
    <skipped/>
  </testcase> <!-- testnextBirthdays -->
  <system-out/>
  <testcase name="testnextBirthdayPrint" time="0.000" classname="InputSuite.AB_suit">
    <skipped/>
  </testcase> <!-- testnextBirthdayPrint -->
  <system-out/>
  <testcase name="testdeleteGroup" time="0.000" classname="InputSuite.AB_suit">
    <skipped/>
  </testcase> <!-- testdeleteGroup -->
  <system-out/>
  <testcase name="testnextBirthdayModify" time="0.000" classname="InputSuite.AB_suit">
    <skipped/>
  </testcase> <!-- testnextBirthdayModify -->
  <system-out/>
  <testcase name="testnextBirthdayModifyDelete" time="0.000" classname="InputSuite.AB_suit">
    <skipped/>
  </testcase> <!-- testnextBirthdayModifyDelete -->
  <system-out/>
  <testcase name="testnextBirthdayEdit" time="0.000" classname="InputSuite.AB_suit">
    <skipped/>
  </testcase> <!-- testnextBirthdayEdit -->
  <system-out/>
  <testcase name="testnextBirthdayDelete" time="0.000" classname="InputSuite.AB_suit">
    <skipped/>
  </testcase> <!-- testnextBirthdayDelete -->
  <system-out/>
  <testcase name="testhomeSearch" time="0.000" classname="InputSuite.AB_suit">
    <skipped/>
  </testcase> <!-- testhomeSearch -->
  <system-out/>
  <testcase name="testhomeAddToSpecific" time="0.000" classname="InputSuite.AB_suit">
    <skipped/>
  </testcase> <!-- testhomeAddToSpecific -->
  <system-out/>
  <testcase name="testhomesendMailToSpecific" time="0.000" classname="InputSuite.AB_suit">
    <skipped/>
  </testcase> <!-- testhomesendMailToSpecific -->
  <system-out/>
  <testcase name="testhomeAddToAll" time="0.000" classname="InputSuite.AB_suit">
    <skipped/>
  </testcase> <!-- testhomeAddToAll -->
  <system-out/>
  <testcase name="CheckPhonesTest" time="0.000" classname="InputSuite.AB_suit">
    <skipped/>
  </testcase> <!-- CheckPhonesTest -->
  <system-out/>
  <testcase name="SearchEntryByGroupTest" time="0.000" classname="InputSuite.AB_suit">
    <skipped/>
  </testcase> <!-- SearchEntryByGroupTest -->
  <system-out/>
  <testcase name="SearchEntryTest" time="0.000" classname="InputSuite.AB_suit">
    <skipped/>
  </testcase> <!-- SearchEntryTest -->
  <system-out/>
  <testcase name="testAddMultipleMultipleGroups" time="0.000" classname="InputSuite.AB_suit">
    <skipped/>
  </testcase> <!-- testAddMultipleMultipleGroups -->
  <system-out/>
  <testcase name="testVerifyWrongEntry" time="0.000" classname="InputSuite.AB_suit">
    <skipped/>
  </testcase> <!-- testVerifyWrongEntry -->
  <system-out/>
  <testcase name="testAddMultipleContactEnteries" time="0.000" classname="InputSuite.AB_suit">
    <skipped/>
  </testcase> <!-- testAddMultipleContactEnteries -->
  <system-out/>
</testsuite> <!-- InputSuite.AB_suit -->
