<?xml version="1.0" encoding="UTF-8"?>
<!-- Generated by org.testng.reporters.JUnitReportReporter -->
<testsuite skipped="0" hostname="840G3" name="InputSuite.AddAnnouncementforxpathseeding" tests="1" failures="0" timestamp="2021-04-08T02:03:53 PKT" time="2.980" errors="0">
  <testcase name="testAnnouncement" time="2.980" classname="InputSuite.AddAnnouncementforxpathseeding"/>
  <system-out/>
</testsuite> <!-- InputSuite.AddAnnouncementforxpathseeding -->
