<?xml version="1.0" encoding="UTF-8"?>
<!-- Generated by org.testng.reporters.JUnitReportReporter -->
<testsuite skipped="0" hostname="840G3" name="IntermediateSuite.RegFormPageXpathTimeOutElementNotInteractableSeeding" tests="1" failures="0" timestamp="2021-04-18T00:13:06 PKT" time="1.103" errors="0">
  <testcase name="testRegistrationFields" time="1.103" classname="IntermediateSuite.RegFormPageXpathTimeOutElementNotInteractableSeeding"/>
  <system-out/>
</testsuite> <!-- IntermediateSuite.RegFormPageXpathTimeOutElementNotInteractableSeeding -->
