<?xml version="1.0" encoding="UTF-8"?>
<!-- Generated by org.testng.reporters.JUnitReportReporter -->
<testsuite skipped="0" hostname="840G3" name="TailoredSuiteFirefox.RegpageXpathSeeding" tests="1" failures="0" timestamp="2021-04-16T00:32:47 PKT" time="1.065" errors="0">
  <testcase name="testRegistrationFields" time="1.065" classname="TailoredSuiteFirefox.RegpageXpathSeeding"/>
  <system-out/>
</testsuite> <!-- TailoredSuiteFirefox.RegpageXpathSeeding -->
