<?xml version="1.0" encoding="UTF-8"?>
<!-- Generated by org.testng.reporters.JUnitReportReporter -->
<testsuite skipped="0" hostname="840G3" name="TailoredSuiteInternetExplorer.RegpageXpathSeeding" tests="1" failures="0" timestamp="2021-04-15T22:30:49 PKT" time="3.384" errors="0">
  <testcase name="testRegistrationFields" time="3.384" classname="TailoredSuiteInternetExplorer.RegpageXpathSeeding"/>
  <system-out/>
</testsuite> <!-- TailoredSuiteInternetExplorer.RegpageXpathSeeding -->
