<?xml version="1.0" encoding="UTF-8"?>
<!-- Generated by org.testng.reporters.JUnitReportReporter -->
<testsuite skipped="1" hostname="840G3" name="InputSuite.TestCourseDesc" tests="1" failures="0" timestamp="2021-03-15T19:11:27 PKT" time="0.000" errors="0">
  <testcase name="testCourseDesc" time="0.000" classname="InputSuite.TestCourseDesc">
    <skipped/>
  </testcase> <!-- testCourseDesc -->
  <system-out/>
</testsuite> <!-- InputSuite.TestCourseDesc -->
