<?xml version="1.0" encoding="UTF-8"?>
<!-- Generated by org.testng.reporters.JUnitReportReporter -->
<testsuite skipped="0" hostname="840G3" name="TailoredSuiteInternetExplorer.RegFormPagetestTimeOutexceptionSeeding" tests="1" failures="0" timestamp="2021-04-18T01:00:05 PKT" time="3.827" errors="0">
  <testcase name="testRegistrationFields" time="3.827" classname="TailoredSuiteInternetExplorer.RegFormPagetestTimeOutexceptionSeeding"/>
  <system-out/>
</testsuite> <!-- TailoredSuiteInternetExplorer.RegFormPagetestTimeOutexceptionSeeding -->
