<?xml version="1.0" encoding="UTF-8"?>
<!-- Generated by org.testng.reporters.JUnitReportReporter -->
<testsuite skipped="0" hostname="840G3" name="TailoredSuiteChrome.MantisBTSuite" tests="1" failures="0" timestamp="2021-05-21T02:10:22 PKT" time="11.993" errors="0">
  <testcase name="updateCategoryTest" time="11.993" classname="TailoredSuiteChrome.MantisBTSuite"/>
  <system-out/>
</testsuite> <!-- TailoredSuiteChrome.MantisBTSuite -->
