<?xml version="1.0" encoding="UTF-8"?>
<!-- Generated by org.testng.reporters.JUnitReportReporter -->
<testsuite skipped="0" hostname="840G3" name="TailoredSuiteInternetExplorer.AB_suit" tests="18" failures="2" timestamp="2021-06-01T00:28:18 PKT" time="58.833" errors="3">
  <testcase name="testGroups" time="0.679" classname="TailoredSuiteInternetExplorer.AB_suit"/>
  <system-out/>
  <testcase name="testAddNewGroup" time="2.961" classname="TailoredSuiteInternetExplorer.AB_suit"/>
  <system-out/>
  <testcase name="testeditGroup" time="3.154" classname="TailoredSuiteInternetExplorer.AB_suit"/>
  <system-out/>
  <testcase name="testaddNewContact" time="10.237" classname="TailoredSuiteInternetExplorer.AB_suit">
    <error type="org.openqa.selenium.NoSuchElementException" message="Unable to find element with xpath == //*[@id=&quot;content&quot;]/form/input[1]
For documentation on this error, please visit: http://seleniumhq.org/exceptions/no_such_element.html
Build info: version: &#039;3.141.0&#039;, revision: &#039;2ecb7d9a&#039;, time: &#039;2018-10-31T20:09:30&#039;
System info: host: &#039;840G3&#039;, ip: &#039;192.168.10.4&#039;, os.name: &#039;Windows 8.1&#039;, os.arch: &#039;x86&#039;, os.version: &#039;6.3&#039;, java.version: &#039;1.8.0_241&#039;
Driver info: org.openqa.selenium.ie.InternetExplorerDriver
Capabilities {acceptInsecureCerts: false, browserName: internet explorer, browserVersion: 11, javascriptEnabled: true, pageLoadStrategy: normal, platform: WINDOWS, platformName: WINDOWS, proxy: Proxy(), se:ieOptions: {browserAttachTimeout: 0, elementScrollBehavior: 0, enablePersistentHover: true, ie.browserCommandLineSwitches: , ie.edgechromium: false, ie.edgepath: , ie.ensureCleanSession: false, ie.fileUploadDialogTimeout: 3000, ie.forceCreateProcessApi: false, ignoreProtectedModeSettings: false, ignoreZoomSetting: false, initialBrowserUrl: http://localhost:10564/, nativeEvents: true, requireWindowFocus: false}, setWindowRect: true, strictFileInteractability: false, timeouts: {implicit: 0, pageLoad: 300000, script: 30000}, unhandledPromptBehavior: dismiss and notify}
Session ID: dee21dd4-a3d1-466f-b3d3-e7f34578bc26
*** Element info: {Using=xpath, value=//*[@id=&quot;content&quot;]/form/input[1]}">
      <![CDATA[org.openqa.selenium.NoSuchElementException: Unable to find element with xpath == //*[@id="content"]/form/input[1]
For documentation on this error, please visit: http://seleniumhq.org/exceptions/no_such_element.html
Build info: version: '3.141.0', revision: '2ecb7d9a', time: '2018-10-31T20:09:30'
System info: host: '840G3', ip: '192.168.10.4', os.name: 'Windows 8.1', os.arch: 'x86', os.version: '6.3', java.version: '1.8.0_241'
Driver info: org.openqa.selenium.ie.InternetExplorerDriver
Capabilities {acceptInsecureCerts: false, browserName: internet explorer, browserVersion: 11, javascriptEnabled: true, pageLoadStrategy: normal, platform: WINDOWS, platformName: WINDOWS, proxy: Proxy(), se:ieOptions: {browserAttachTimeout: 0, elementScrollBehavior: 0, enablePersistentHover: true, ie.browserCommandLineSwitches: , ie.edgechromium: false, ie.edgepath: , ie.ensureCleanSession: false, ie.fileUploadDialogTimeout: 3000, ie.forceCreateProcessApi: false, ignoreProtectedModeSettings: false, ignoreZoomSetting: false, initialBrowserUrl: http://localhost:10564/, nativeEvents: true, requireWindowFocus: false}, setWindowRect: true, strictFileInteractability: false, timeouts: {implicit: 0, pageLoad: 300000, script: 30000}, unhandledPromptBehavior: dismiss and notify}
Session ID: dee21dd4-a3d1-466f-b3d3-e7f34578bc26
*** Element info: {Using=xpath, value=//*[@id="content"]/form/input[1]}
at sun.reflect.NativeConstructorAccessorImpl.newInstance0(Native Method)
at sun.reflect.NativeConstructorAccessorImpl.newInstance(Unknown Source)
at sun.reflect.DelegatingConstructorAccessorImpl.newInstance(Unknown Source)
at java.lang.reflect.Constructor.newInstance(Unknown Source)
at org.openqa.selenium.remote.http.W3CHttpResponseCodec.createException(W3CHttpResponseCodec.java:187)
at org.openqa.selenium.remote.http.W3CHttpResponseCodec.decode(W3CHttpResponseCodec.java:122)
at org.openqa.selenium.remote.http.W3CHttpResponseCodec.decode(W3CHttpResponseCodec.java:49)
at org.openqa.selenium.remote.HttpCommandExecutor.execute(HttpCommandExecutor.java:158)
at org.openqa.selenium.remote.service.DriverCommandExecutor.execute(DriverCommandExecutor.java:83)
at org.openqa.selenium.remote.RemoteWebDriver.execute(RemoteWebDriver.java:552)
at org.openqa.selenium.remote.RemoteWebDriver.findElement(RemoteWebDriver.java:323)
at org.openqa.selenium.remote.RemoteWebDriver.findElementByXPath(RemoteWebDriver.java:428)
at org.openqa.selenium.By$ByXPath.findElement(By.java:353)
at org.openqa.selenium.remote.RemoteWebDriver.findElement(RemoteWebDriver.java:315)
at TailoredSuiteInternetExplorer.AB_suit.testaddNewContact(AB_suit.java:188)
at sun.reflect.NativeMethodAccessorImpl.invoke0(Native Method)
at sun.reflect.NativeMethodAccessorImpl.invoke(Unknown Source)
at sun.reflect.DelegatingMethodAccessorImpl.invoke(Unknown Source)
at java.lang.reflect.Method.invoke(Unknown Source)
at org.testng.internal.MethodInvocationHelper.invokeMethod(MethodInvocationHelper.java:132)
at org.testng.internal.TestInvoker.invokeMethod(TestInvoker.java:599)
at org.testng.internal.TestInvoker.invokeTestMethod(TestInvoker.java:174)
at org.testng.internal.MethodRunner.runInSequence(MethodRunner.java:46)
at org.testng.internal.TestInvoker$MethodInvocationAgent.invoke(TestInvoker.java:822)
at org.testng.internal.TestInvoker.invokeTestMethods(TestInvoker.java:147)
at org.testng.internal.TestMethodWorker.invokeTestMethods(TestMethodWorker.java:146)
at org.testng.internal.TestMethodWorker.run(TestMethodWorker.java:128)
at java.util.ArrayList.forEach(Unknown Source)
at org.testng.TestRunner.privateRun(TestRunner.java:764)
at org.testng.TestRunner.run(TestRunner.java:585)
at org.testng.SuiteRunner.runTest(SuiteRunner.java:384)
at org.testng.SuiteRunner.runSequentially(SuiteRunner.java:378)
at org.testng.SuiteRunner.privateRun(SuiteRunner.java:337)
at org.testng.SuiteRunner.run(SuiteRunner.java:286)
at org.testng.SuiteRunnerWorker.runSuite(SuiteRunnerWorker.java:53)
at org.testng.SuiteRunnerWorker.run(SuiteRunnerWorker.java:96)
at org.testng.TestNG.runSuitesSequentially(TestNG.java:1218)
at org.testng.TestNG.runSuitesLocally(TestNG.java:1140)
at org.testng.TestNG.runSuites(TestNG.java:1069)
at org.testng.TestNG.run(TestNG.java:1037)
at Logics.TestNGRunnerTailoredSuite.testRunner(TestNGRunnerTailoredSuite.java:115)
at Logics.TestCaseStatusTableView.lambda$2(TestCaseStatusTableView.java:123)
at com.sun.javafx.event.CompositeEventHandler.dispatchBubblingEvent(CompositeEventHandler.java:86)
at com.sun.javafx.event.EventHandlerManager.dispatchBubblingEvent(EventHandlerManager.java:238)
at com.sun.javafx.event.EventHandlerManager.dispatchBubblingEvent(EventHandlerManager.java:191)
at com.sun.javafx.event.CompositeEventDispatcher.dispatchBubblingEvent(CompositeEventDispatcher.java:59)
at com.sun.javafx.event.BasicEventDispatcher.dispatchEvent(BasicEventDispatcher.java:58)
at com.sun.javafx.event.EventDispatchChainImpl.dispatchEvent(EventDispatchChainImpl.java:114)
at com.sun.javafx.event.BasicEventDispatcher.dispatchEvent(BasicEventDispatcher.java:56)
at com.sun.javafx.event.EventDispatchChainImpl.dispatchEvent(EventDispatchChainImpl.java:114)
at com.sun.javafx.event.BasicEventDispatcher.dispatchEvent(BasicEventDispatcher.java:56)
at com.sun.javafx.event.EventDispatchChainImpl.dispatchEvent(EventDispatchChainImpl.java:114)
at com.sun.javafx.event.EventUtil.fireEventImpl(EventUtil.java:74)
at com.sun.javafx.event.EventUtil.fireEvent(EventUtil.java:49)
at javafx.event.Event.fireEvent(Event.java:198)
at javafx.scene.Node.fireEvent(Node.java:8411)
at javafx.scene.control.Button.fire(Button.java:185)
at com.sun.javafx.scene.control.behavior.ButtonBehavior.mouseReleased(ButtonBehavior.java:182)
at com.sun.javafx.scene.control.skin.BehaviorSkinBase$1.handle(BehaviorSkinBase.java:96)
at com.sun.javafx.scene.control.skin.BehaviorSkinBase$1.handle(BehaviorSkinBase.java:89)
at com.sun.javafx.event.CompositeEventHandler$NormalEventHandlerRecord.handleBubblingEvent(CompositeEventHandler.java:218)
at com.sun.javafx.event.CompositeEventHandler.dispatchBubblingEvent(CompositeEventHandler.java:80)
at com.sun.javafx.event.EventHandlerManager.dispatchBubblingEvent(EventHandlerManager.java:238)
at com.sun.javafx.event.EventHandlerManager.dispatchBubblingEvent(EventHandlerManager.java:191)
at com.sun.javafx.event.CompositeEventDispatcher.dispatchBubblingEvent(CompositeEventDispatcher.java:59)
at com.sun.javafx.event.BasicEventDispatcher.dispatchEvent(BasicEventDispatcher.java:58)
at com.sun.javafx.event.EventDispatchChainImpl.dispatchEvent(EventDispatchChainImpl.java:114)
at com.sun.javafx.event.BasicEventDispatcher.dispatchEvent(BasicEventDispatcher.java:56)
at com.sun.javafx.event.EventDispatchChainImpl.dispatchEvent(EventDispatchChainImpl.java:114)
at com.sun.javafx.event.BasicEventDispatcher.dispatchEvent(BasicEventDispatcher.java:56)
at com.sun.javafx.event.EventDispatchChainImpl.dispatchEvent(EventDispatchChainImpl.java:114)
at com.sun.javafx.event.EventUtil.fireEventImpl(EventUtil.java:74)
at com.sun.javafx.event.EventUtil.fireEvent(EventUtil.java:54)
at javafx.event.Event.fireEvent(Event.java:198)
at javafx.scene.Scene$MouseHandler.process(Scene.java:3757)
at javafx.scene.Scene$MouseHandler.access$1500(Scene.java:3485)
at javafx.scene.Scene.impl_processMouseEvent(Scene.java:1762)
at javafx.scene.Scene$ScenePeerListener.mouseEvent(Scene.java:2494)
at com.sun.javafx.tk.quantum.GlassViewEventHandler$MouseEventNotification.run(GlassViewEventHandler.java:394)
at com.sun.javafx.tk.quantum.GlassViewEventHandler$MouseEventNotification.run(GlassViewEventHandler.java:295)
at java.security.AccessController.doPrivileged(Native Method)
at com.sun.javafx.tk.quantum.GlassViewEventHandler.lambda$handleMouseEvent$2(GlassViewEventHandler.java:432)
at com.sun.javafx.tk.quantum.QuantumToolkit.runWithoutRenderLock(QuantumToolkit.java:410)
at com.sun.javafx.tk.quantum.GlassViewEventHandler.handleMouseEvent(GlassViewEventHandler.java:431)
at com.sun.glass.ui.View.handleMouseEvent(View.java:555)
at com.sun.glass.ui.View.notifyMouse(View.java:937)
at com.sun.glass.ui.win.WinApplication._runLoop(Native Method)
at com.sun.glass.ui.win.WinApplication.lambda$null$4(WinApplication.java:186)
at java.lang.Thread.run(Unknown Source)
]]>
    </error>
  </testcase> <!-- testaddNewContact -->
  <system-out/>
  <testcase name="testprintAll" time="1.289" classname="TailoredSuiteInternetExplorer.AB_suit"/>
  <system-out/>
  <testcase name="testAssignGroup" time="2.004" classname="TailoredSuiteInternetExplorer.AB_suit"/>
  <system-out/>
  <testcase name="testExportAllRecordCSVFile" time="10.721" classname="TailoredSuiteInternetExplorer.AB_suit">
    <error type="org.openqa.selenium.NoSuchElementException" message="Unable to find element with xpath == //*[@id=&quot;content&quot;]/form[3]/input[2]
For documentation on this error, please visit: http://seleniumhq.org/exceptions/no_such_element.html
Build info: version: &#039;3.141.0&#039;, revision: &#039;2ecb7d9a&#039;, time: &#039;2018-10-31T20:09:30&#039;
System info: host: &#039;840G3&#039;, ip: &#039;192.168.10.4&#039;, os.name: &#039;Windows 8.1&#039;, os.arch: &#039;x86&#039;, os.version: &#039;6.3&#039;, java.version: &#039;1.8.0_241&#039;
Driver info: org.openqa.selenium.ie.InternetExplorerDriver
Capabilities {acceptInsecureCerts: false, browserName: internet explorer, browserVersion: 11, javascriptEnabled: true, pageLoadStrategy: normal, platform: WINDOWS, platformName: WINDOWS, proxy: Proxy(), se:ieOptions: {browserAttachTimeout: 0, elementScrollBehavior: 0, enablePersistentHover: true, ie.browserCommandLineSwitches: , ie.edgechromium: false, ie.edgepath: , ie.ensureCleanSession: false, ie.fileUploadDialogTimeout: 3000, ie.forceCreateProcessApi: false, ignoreProtectedModeSettings: false, ignoreZoomSetting: false, initialBrowserUrl: http://localhost:10564/, nativeEvents: true, requireWindowFocus: false}, setWindowRect: true, strictFileInteractability: false, timeouts: {implicit: 0, pageLoad: 300000, script: 30000}, unhandledPromptBehavior: dismiss and notify}
Session ID: dee21dd4-a3d1-466f-b3d3-e7f34578bc26
*** Element info: {Using=xpath, value=//*[@id=&quot;content&quot;]/form[3]/input[2]}">
      <![CDATA[org.openqa.selenium.NoSuchElementException: Unable to find element with xpath == //*[@id="content"]/form[3]/input[2]
For documentation on this error, please visit: http://seleniumhq.org/exceptions/no_such_element.html
Build info: version: '3.141.0', revision: '2ecb7d9a', time: '2018-10-31T20:09:30'
System info: host: '840G3', ip: '192.168.10.4', os.name: 'Windows 8.1', os.arch: 'x86', os.version: '6.3', java.version: '1.8.0_241'
Driver info: org.openqa.selenium.ie.InternetExplorerDriver
Capabilities {acceptInsecureCerts: false, browserName: internet explorer, browserVersion: 11, javascriptEnabled: true, pageLoadStrategy: normal, platform: WINDOWS, platformName: WINDOWS, proxy: Proxy(), se:ieOptions: {browserAttachTimeout: 0, elementScrollBehavior: 0, enablePersistentHover: true, ie.browserCommandLineSwitches: , ie.edgechromium: false, ie.edgepath: , ie.ensureCleanSession: false, ie.fileUploadDialogTimeout: 3000, ie.forceCreateProcessApi: false, ignoreProtectedModeSettings: false, ignoreZoomSetting: false, initialBrowserUrl: http://localhost:10564/, nativeEvents: true, requireWindowFocus: false}, setWindowRect: true, strictFileInteractability: false, timeouts: {implicit: 0, pageLoad: 300000, script: 30000}, unhandledPromptBehavior: dismiss and notify}
Session ID: dee21dd4-a3d1-466f-b3d3-e7f34578bc26
*** Element info: {Using=xpath, value=//*[@id="content"]/form[3]/input[2]}
at sun.reflect.NativeConstructorAccessorImpl.newInstance0(Native Method)
at sun.reflect.NativeConstructorAccessorImpl.newInstance(Unknown Source)
at sun.reflect.DelegatingConstructorAccessorImpl.newInstance(Unknown Source)
at java.lang.reflect.Constructor.newInstance(Unknown Source)
at org.openqa.selenium.remote.http.W3CHttpResponseCodec.createException(W3CHttpResponseCodec.java:187)
at org.openqa.selenium.remote.http.W3CHttpResponseCodec.decode(W3CHttpResponseCodec.java:122)
at org.openqa.selenium.remote.http.W3CHttpResponseCodec.decode(W3CHttpResponseCodec.java:49)
at org.openqa.selenium.remote.HttpCommandExecutor.execute(HttpCommandExecutor.java:158)
at org.openqa.selenium.remote.service.DriverCommandExecutor.execute(DriverCommandExecutor.java:83)
at org.openqa.selenium.remote.RemoteWebDriver.execute(RemoteWebDriver.java:552)
at org.openqa.selenium.remote.RemoteWebDriver.findElement(RemoteWebDriver.java:323)
at org.openqa.selenium.remote.RemoteWebDriver.findElementByXPath(RemoteWebDriver.java:428)
at org.openqa.selenium.By$ByXPath.findElement(By.java:353)
at org.openqa.selenium.remote.RemoteWebDriver.findElement(RemoteWebDriver.java:315)
at TailoredSuiteInternetExplorer.AB_suit.testExportAllRecordCSVFile(AB_suit.java:270)
at sun.reflect.NativeMethodAccessorImpl.invoke0(Native Method)
at sun.reflect.NativeMethodAccessorImpl.invoke(Unknown Source)
at sun.reflect.DelegatingMethodAccessorImpl.invoke(Unknown Source)
at java.lang.reflect.Method.invoke(Unknown Source)
at org.testng.internal.MethodInvocationHelper.invokeMethod(MethodInvocationHelper.java:132)
at org.testng.internal.TestInvoker.invokeMethod(TestInvoker.java:599)
at org.testng.internal.TestInvoker.invokeTestMethod(TestInvoker.java:174)
at org.testng.internal.MethodRunner.runInSequence(MethodRunner.java:46)
at org.testng.internal.TestInvoker$MethodInvocationAgent.invoke(TestInvoker.java:822)
at org.testng.internal.TestInvoker.invokeTestMethods(TestInvoker.java:147)
at org.testng.internal.TestMethodWorker.invokeTestMethods(TestMethodWorker.java:146)
at org.testng.internal.TestMethodWorker.run(TestMethodWorker.java:128)
at java.util.ArrayList.forEach(Unknown Source)
at org.testng.TestRunner.privateRun(TestRunner.java:764)
at org.testng.TestRunner.run(TestRunner.java:585)
at org.testng.SuiteRunner.runTest(SuiteRunner.java:384)
at org.testng.SuiteRunner.runSequentially(SuiteRunner.java:378)
at org.testng.SuiteRunner.privateRun(SuiteRunner.java:337)
at org.testng.SuiteRunner.run(SuiteRunner.java:286)
at org.testng.SuiteRunnerWorker.runSuite(SuiteRunnerWorker.java:53)
at org.testng.SuiteRunnerWorker.run(SuiteRunnerWorker.java:96)
at org.testng.TestNG.runSuitesSequentially(TestNG.java:1218)
at org.testng.TestNG.runSuitesLocally(TestNG.java:1140)
at org.testng.TestNG.runSuites(TestNG.java:1069)
at org.testng.TestNG.run(TestNG.java:1037)
at Logics.TestNGRunnerTailoredSuite.testRunner(TestNGRunnerTailoredSuite.java:115)
at Logics.TestCaseStatusTableView.lambda$2(TestCaseStatusTableView.java:123)
at com.sun.javafx.event.CompositeEventHandler.dispatchBubblingEvent(CompositeEventHandler.java:86)
at com.sun.javafx.event.EventHandlerManager.dispatchBubblingEvent(EventHandlerManager.java:238)
at com.sun.javafx.event.EventHandlerManager.dispatchBubblingEvent(EventHandlerManager.java:191)
at com.sun.javafx.event.CompositeEventDispatcher.dispatchBubblingEvent(CompositeEventDispatcher.java:59)
at com.sun.javafx.event.BasicEventDispatcher.dispatchEvent(BasicEventDispatcher.java:58)
at com.sun.javafx.event.EventDispatchChainImpl.dispatchEvent(EventDispatchChainImpl.java:114)
at com.sun.javafx.event.BasicEventDispatcher.dispatchEvent(BasicEventDispatcher.java:56)
at com.sun.javafx.event.EventDispatchChainImpl.dispatchEvent(EventDispatchChainImpl.java:114)
at com.sun.javafx.event.BasicEventDispatcher.dispatchEvent(BasicEventDispatcher.java:56)
at com.sun.javafx.event.EventDispatchChainImpl.dispatchEvent(EventDispatchChainImpl.java:114)
at com.sun.javafx.event.EventUtil.fireEventImpl(EventUtil.java:74)
at com.sun.javafx.event.EventUtil.fireEvent(EventUtil.java:49)
at javafx.event.Event.fireEvent(Event.java:198)
at javafx.scene.Node.fireEvent(Node.java:8411)
at javafx.scene.control.Button.fire(Button.java:185)
at com.sun.javafx.scene.control.behavior.ButtonBehavior.mouseReleased(ButtonBehavior.java:182)
at com.sun.javafx.scene.control.skin.BehaviorSkinBase$1.handle(BehaviorSkinBase.java:96)
at com.sun.javafx.scene.control.skin.BehaviorSkinBase$1.handle(BehaviorSkinBase.java:89)
at com.sun.javafx.event.CompositeEventHandler$NormalEventHandlerRecord.handleBubblingEvent(CompositeEventHandler.java:218)
at com.sun.javafx.event.CompositeEventHandler.dispatchBubblingEvent(CompositeEventHandler.java:80)
at com.sun.javafx.event.EventHandlerManager.dispatchBubblingEvent(EventHandlerManager.java:238)
at com.sun.javafx.event.EventHandlerManager.dispatchBubblingEvent(EventHandlerManager.java:191)
at com.sun.javafx.event.CompositeEventDispatcher.dispatchBubblingEvent(CompositeEventDispatcher.java:59)
at com.sun.javafx.event.BasicEventDispatcher.dispatchEvent(BasicEventDispatcher.java:58)
at com.sun.javafx.event.EventDispatchChainImpl.dispatchEvent(EventDispatchChainImpl.java:114)
at com.sun.javafx.event.BasicEventDispatcher.dispatchEvent(BasicEventDispatcher.java:56)
at com.sun.javafx.event.EventDispatchChainImpl.dispatchEvent(EventDispatchChainImpl.java:114)
at com.sun.javafx.event.BasicEventDispatcher.dispatchEvent(BasicEventDispatcher.java:56)
at com.sun.javafx.event.EventDispatchChainImpl.dispatchEvent(EventDispatchChainImpl.java:114)
at com.sun.javafx.event.EventUtil.fireEventImpl(EventUtil.java:74)
at com.sun.javafx.event.EventUtil.fireEvent(EventUtil.java:54)
at javafx.event.Event.fireEvent(Event.java:198)
at javafx.scene.Scene$MouseHandler.process(Scene.java:3757)
at javafx.scene.Scene$MouseHandler.access$1500(Scene.java:3485)
at javafx.scene.Scene.impl_processMouseEvent(Scene.java:1762)
at javafx.scene.Scene$ScenePeerListener.mouseEvent(Scene.java:2494)
at com.sun.javafx.tk.quantum.GlassViewEventHandler$MouseEventNotification.run(GlassViewEventHandler.java:394)
at com.sun.javafx.tk.quantum.GlassViewEventHandler$MouseEventNotification.run(GlassViewEventHandler.java:295)
at java.security.AccessController.doPrivileged(Native Method)
at com.sun.javafx.tk.quantum.GlassViewEventHandler.lambda$handleMouseEvent$2(GlassViewEventHandler.java:432)
at com.sun.javafx.tk.quantum.QuantumToolkit.runWithoutRenderLock(QuantumToolkit.java:410)
at com.sun.javafx.tk.quantum.GlassViewEventHandler.handleMouseEvent(GlassViewEventHandler.java:431)
at com.sun.glass.ui.View.handleMouseEvent(View.java:555)
at com.sun.glass.ui.View.notifyMouse(View.java:937)
at com.sun.glass.ui.win.WinApplication._runLoop(Native Method)
at com.sun.glass.ui.win.WinApplication.lambda$null$4(WinApplication.java:186)
at java.lang.Thread.run(Unknown Source)
]]>
    </error>
  </testcase> <!-- testExportAllRecordCSVFile -->
  <system-out/>
  <testcase name="testnextBirthdays" time="1.105" classname="TailoredSuiteInternetExplorer.AB_suit">
    <failure type="junit.framework.AssertionFailedError" message="expected:&lt;true&gt; but was:&lt;false&gt;">
      <![CDATA[junit.framework.AssertionFailedError: expected:<true> but was:<false>
at junit.framework.Assert.fail(Assert.java:57)
at junit.framework.Assert.failNotEquals(Assert.java:329)
at junit.framework.Assert.assertEquals(Assert.java:78)
at junit.framework.Assert.assertEquals(Assert.java:174)
at junit.framework.Assert.assertEquals(Assert.java:181)
at TailoredSuiteInternetExplorer.AB_suit.testnextBirthdays(AB_suit.java:279)
at sun.reflect.NativeMethodAccessorImpl.invoke0(Native Method)
at sun.reflect.NativeMethodAccessorImpl.invoke(Unknown Source)
at sun.reflect.DelegatingMethodAccessorImpl.invoke(Unknown Source)
at java.lang.reflect.Method.invoke(Unknown Source)
at org.testng.internal.MethodInvocationHelper.invokeMethod(MethodInvocationHelper.java:132)
at org.testng.internal.TestInvoker.invokeMethod(TestInvoker.java:599)
at org.testng.internal.TestInvoker.invokeTestMethod(TestInvoker.java:174)
at org.testng.internal.MethodRunner.runInSequence(MethodRunner.java:46)
at org.testng.internal.TestInvoker$MethodInvocationAgent.invoke(TestInvoker.java:822)
at org.testng.internal.TestInvoker.invokeTestMethods(TestInvoker.java:147)
at org.testng.internal.TestMethodWorker.invokeTestMethods(TestMethodWorker.java:146)
at org.testng.internal.TestMethodWorker.run(TestMethodWorker.java:128)
at java.util.ArrayList.forEach(Unknown Source)
at org.testng.TestRunner.privateRun(TestRunner.java:764)
at org.testng.TestRunner.run(TestRunner.java:585)
at org.testng.SuiteRunner.runTest(SuiteRunner.java:384)
at org.testng.SuiteRunner.runSequentially(SuiteRunner.java:378)
at org.testng.SuiteRunner.privateRun(SuiteRunner.java:337)
at org.testng.SuiteRunner.run(SuiteRunner.java:286)
at org.testng.SuiteRunnerWorker.runSuite(SuiteRunnerWorker.java:53)
at org.testng.SuiteRunnerWorker.run(SuiteRunnerWorker.java:96)
at org.testng.TestNG.runSuitesSequentially(TestNG.java:1218)
at org.testng.TestNG.runSuitesLocally(TestNG.java:1140)
at org.testng.TestNG.runSuites(TestNG.java:1069)
at org.testng.TestNG.run(TestNG.java:1037)
at Logics.TestNGRunnerTailoredSuite.testRunner(TestNGRunnerTailoredSuite.java:115)
at Logics.TestCaseStatusTableView.lambda$2(TestCaseStatusTableView.java:123)
at com.sun.javafx.event.CompositeEventHandler.dispatchBubblingEvent(CompositeEventHandler.java:86)
at com.sun.javafx.event.EventHandlerManager.dispatchBubblingEvent(EventHandlerManager.java:238)
at com.sun.javafx.event.EventHandlerManager.dispatchBubblingEvent(EventHandlerManager.java:191)
at com.sun.javafx.event.CompositeEventDispatcher.dispatchBubblingEvent(CompositeEventDispatcher.java:59)
at com.sun.javafx.event.BasicEventDispatcher.dispatchEvent(BasicEventDispatcher.java:58)
at com.sun.javafx.event.EventDispatchChainImpl.dispatchEvent(EventDispatchChainImpl.java:114)
at com.sun.javafx.event.BasicEventDispatcher.dispatchEvent(BasicEventDispatcher.java:56)
at com.sun.javafx.event.EventDispatchChainImpl.dispatchEvent(EventDispatchChainImpl.java:114)
at com.sun.javafx.event.BasicEventDispatcher.dispatchEvent(BasicEventDispatcher.java:56)
at com.sun.javafx.event.EventDispatchChainImpl.dispatchEvent(EventDispatchChainImpl.java:114)
at com.sun.javafx.event.EventUtil.fireEventImpl(EventUtil.java:74)
at com.sun.javafx.event.EventUtil.fireEvent(EventUtil.java:49)
at javafx.event.Event.fireEvent(Event.java:198)
at javafx.scene.Node.fireEvent(Node.java:8411)
at javafx.scene.control.Button.fire(Button.java:185)
at com.sun.javafx.scene.control.behavior.ButtonBehavior.mouseReleased(ButtonBehavior.java:182)
at com.sun.javafx.scene.control.skin.BehaviorSkinBase$1.handle(BehaviorSkinBase.java:96)
at com.sun.javafx.scene.control.skin.BehaviorSkinBase$1.handle(BehaviorSkinBase.java:89)
at com.sun.javafx.event.CompositeEventHandler$NormalEventHandlerRecord.handleBubblingEvent(CompositeEventHandler.java:218)
at com.sun.javafx.event.CompositeEventHandler.dispatchBubblingEvent(CompositeEventHandler.java:80)
at com.sun.javafx.event.EventHandlerManager.dispatchBubblingEvent(EventHandlerManager.java:238)
at com.sun.javafx.event.EventHandlerManager.dispatchBubblingEvent(EventHandlerManager.java:191)
at com.sun.javafx.event.CompositeEventDispatcher.dispatchBubblingEvent(CompositeEventDispatcher.java:59)
at com.sun.javafx.event.BasicEventDispatcher.dispatchEvent(BasicEventDispatcher.java:58)
at com.sun.javafx.event.EventDispatchChainImpl.dispatchEvent(EventDispatchChainImpl.java:114)
at com.sun.javafx.event.BasicEventDispatcher.dispatchEvent(BasicEventDispatcher.java:56)
at com.sun.javafx.event.EventDispatchChainImpl.dispatchEvent(EventDispatchChainImpl.java:114)
at com.sun.javafx.event.BasicEventDispatcher.dispatchEvent(BasicEventDispatcher.java:56)
at com.sun.javafx.event.EventDispatchChainImpl.dispatchEvent(EventDispatchChainImpl.java:114)
at com.sun.javafx.event.EventUtil.fireEventImpl(EventUtil.java:74)
at com.sun.javafx.event.EventUtil.fireEvent(EventUtil.java:54)
at javafx.event.Event.fireEvent(Event.java:198)
at javafx.scene.Scene$MouseHandler.process(Scene.java:3757)
at javafx.scene.Scene$MouseHandler.access$1500(Scene.java:3485)
at javafx.scene.Scene.impl_processMouseEvent(Scene.java:1762)
at javafx.scene.Scene$ScenePeerListener.mouseEvent(Scene.java:2494)
at com.sun.javafx.tk.quantum.GlassViewEventHandler$MouseEventNotification.run(GlassViewEventHandler.java:394)
at com.sun.javafx.tk.quantum.GlassViewEventHandler$MouseEventNotification.run(GlassViewEventHandler.java:295)
at java.security.AccessController.doPrivileged(Native Method)
at com.sun.javafx.tk.quantum.GlassViewEventHandler.lambda$handleMouseEvent$2(GlassViewEventHandler.java:432)
at com.sun.javafx.tk.quantum.QuantumToolkit.runWithoutRenderLock(QuantumToolkit.java:410)
at com.sun.javafx.tk.quantum.GlassViewEventHandler.handleMouseEvent(GlassViewEventHandler.java:431)
at com.sun.glass.ui.View.handleMouseEvent(View.java:555)
at com.sun.glass.ui.View.notifyMouse(View.java:937)
at com.sun.glass.ui.win.WinApplication._runLoop(Native Method)
at com.sun.glass.ui.win.WinApplication.lambda$null$4(WinApplication.java:186)
at java.lang.Thread.run(Unknown Source)
]]>
    </failure>
  </testcase> <!-- testnextBirthdays -->
  <system-out/>
  <testcase name="testdeleteGroup" time="2.052" classname="TailoredSuiteInternetExplorer.AB_suit"/>
  <system-out/>
  <testcase name="testnextBirthdayModify" time="10.789" classname="TailoredSuiteInternetExplorer.AB_suit">
    <error type="org.openqa.selenium.NoSuchElementException" message="Unable to find element with xpath == //*[@title=&#039;Edit&#039;]
For documentation on this error, please visit: http://seleniumhq.org/exceptions/no_such_element.html
Build info: version: &#039;3.141.0&#039;, revision: &#039;2ecb7d9a&#039;, time: &#039;2018-10-31T20:09:30&#039;
System info: host: &#039;840G3&#039;, ip: &#039;192.168.10.4&#039;, os.name: &#039;Windows 8.1&#039;, os.arch: &#039;x86&#039;, os.version: &#039;6.3&#039;, java.version: &#039;1.8.0_241&#039;
Driver info: org.openqa.selenium.ie.InternetExplorerDriver
Capabilities {acceptInsecureCerts: false, browserName: internet explorer, browserVersion: 11, javascriptEnabled: true, pageLoadStrategy: normal, platform: WINDOWS, platformName: WINDOWS, proxy: Proxy(), se:ieOptions: {browserAttachTimeout: 0, elementScrollBehavior: 0, enablePersistentHover: true, ie.browserCommandLineSwitches: , ie.edgechromium: false, ie.edgepath: , ie.ensureCleanSession: false, ie.fileUploadDialogTimeout: 3000, ie.forceCreateProcessApi: false, ignoreProtectedModeSettings: false, ignoreZoomSetting: false, initialBrowserUrl: http://localhost:10564/, nativeEvents: true, requireWindowFocus: false}, setWindowRect: true, strictFileInteractability: false, timeouts: {implicit: 0, pageLoad: 300000, script: 30000}, unhandledPromptBehavior: dismiss and notify}
Session ID: dee21dd4-a3d1-466f-b3d3-e7f34578bc26
*** Element info: {Using=xpath, value=//*[@title=&#039;Edit&#039;]}">
      <![CDATA[org.openqa.selenium.NoSuchElementException: Unable to find element with xpath == //*[@title='Edit']
For documentation on this error, please visit: http://seleniumhq.org/exceptions/no_such_element.html
Build info: version: '3.141.0', revision: '2ecb7d9a', time: '2018-10-31T20:09:30'
System info: host: '840G3', ip: '192.168.10.4', os.name: 'Windows 8.1', os.arch: 'x86', os.version: '6.3', java.version: '1.8.0_241'
Driver info: org.openqa.selenium.ie.InternetExplorerDriver
Capabilities {acceptInsecureCerts: false, browserName: internet explorer, browserVersion: 11, javascriptEnabled: true, pageLoadStrategy: normal, platform: WINDOWS, platformName: WINDOWS, proxy: Proxy(), se:ieOptions: {browserAttachTimeout: 0, elementScrollBehavior: 0, enablePersistentHover: true, ie.browserCommandLineSwitches: , ie.edgechromium: false, ie.edgepath: , ie.ensureCleanSession: false, ie.fileUploadDialogTimeout: 3000, ie.forceCreateProcessApi: false, ignoreProtectedModeSettings: false, ignoreZoomSetting: false, initialBrowserUrl: http://localhost:10564/, nativeEvents: true, requireWindowFocus: false}, setWindowRect: true, strictFileInteractability: false, timeouts: {implicit: 0, pageLoad: 300000, script: 30000}, unhandledPromptBehavior: dismiss and notify}
Session ID: dee21dd4-a3d1-466f-b3d3-e7f34578bc26
*** Element info: {Using=xpath, value=//*[@title='Edit']}
at sun.reflect.NativeConstructorAccessorImpl.newInstance0(Native Method)
at sun.reflect.NativeConstructorAccessorImpl.newInstance(Unknown Source)
at sun.reflect.DelegatingConstructorAccessorImpl.newInstance(Unknown Source)
at java.lang.reflect.Constructor.newInstance(Unknown Source)
at org.openqa.selenium.remote.http.W3CHttpResponseCodec.createException(W3CHttpResponseCodec.java:187)
at org.openqa.selenium.remote.http.W3CHttpResponseCodec.decode(W3CHttpResponseCodec.java:122)
at org.openqa.selenium.remote.http.W3CHttpResponseCodec.decode(W3CHttpResponseCodec.java:49)
at org.openqa.selenium.remote.HttpCommandExecutor.execute(HttpCommandExecutor.java:158)
at org.openqa.selenium.remote.service.DriverCommandExecutor.execute(DriverCommandExecutor.java:83)
at org.openqa.selenium.remote.RemoteWebDriver.execute(RemoteWebDriver.java:552)
at org.openqa.selenium.remote.RemoteWebDriver.findElement(RemoteWebDriver.java:323)
at org.openqa.selenium.remote.RemoteWebDriver.findElementByXPath(RemoteWebDriver.java:428)
at org.openqa.selenium.By$ByXPath.findElement(By.java:353)
at org.openqa.selenium.remote.RemoteWebDriver.findElement(RemoteWebDriver.java:315)
at TailoredSuiteInternetExplorer.AB_suit.testnextBirthdayModify(AB_suit.java:296)
at sun.reflect.NativeMethodAccessorImpl.invoke0(Native Method)
at sun.reflect.NativeMethodAccessorImpl.invoke(Unknown Source)
at sun.reflect.DelegatingMethodAccessorImpl.invoke(Unknown Source)
at java.lang.reflect.Method.invoke(Unknown Source)
at org.testng.internal.MethodInvocationHelper.invokeMethod(MethodInvocationHelper.java:132)
at org.testng.internal.TestInvoker.invokeMethod(TestInvoker.java:599)
at org.testng.internal.TestInvoker.invokeTestMethod(TestInvoker.java:174)
at org.testng.internal.MethodRunner.runInSequence(MethodRunner.java:46)
at org.testng.internal.TestInvoker$MethodInvocationAgent.invoke(TestInvoker.java:822)
at org.testng.internal.TestInvoker.invokeTestMethods(TestInvoker.java:147)
at org.testng.internal.TestMethodWorker.invokeTestMethods(TestMethodWorker.java:146)
at org.testng.internal.TestMethodWorker.run(TestMethodWorker.java:128)
at java.util.ArrayList.forEach(Unknown Source)
at org.testng.TestRunner.privateRun(TestRunner.java:764)
at org.testng.TestRunner.run(TestRunner.java:585)
at org.testng.SuiteRunner.runTest(SuiteRunner.java:384)
at org.testng.SuiteRunner.runSequentially(SuiteRunner.java:378)
at org.testng.SuiteRunner.privateRun(SuiteRunner.java:337)
at org.testng.SuiteRunner.run(SuiteRunner.java:286)
at org.testng.SuiteRunnerWorker.runSuite(SuiteRunnerWorker.java:53)
at org.testng.SuiteRunnerWorker.run(SuiteRunnerWorker.java:96)
at org.testng.TestNG.runSuitesSequentially(TestNG.java:1218)
at org.testng.TestNG.runSuitesLocally(TestNG.java:1140)
at org.testng.TestNG.runSuites(TestNG.java:1069)
at org.testng.TestNG.run(TestNG.java:1037)
at Logics.TestNGRunnerTailoredSuite.testRunner(TestNGRunnerTailoredSuite.java:115)
at Logics.TestCaseStatusTableView.lambda$2(TestCaseStatusTableView.java:123)
at com.sun.javafx.event.CompositeEventHandler.dispatchBubblingEvent(CompositeEventHandler.java:86)
at com.sun.javafx.event.EventHandlerManager.dispatchBubblingEvent(EventHandlerManager.java:238)
at com.sun.javafx.event.EventHandlerManager.dispatchBubblingEvent(EventHandlerManager.java:191)
at com.sun.javafx.event.CompositeEventDispatcher.dispatchBubblingEvent(CompositeEventDispatcher.java:59)
at com.sun.javafx.event.BasicEventDispatcher.dispatchEvent(BasicEventDispatcher.java:58)
at com.sun.javafx.event.EventDispatchChainImpl.dispatchEvent(EventDispatchChainImpl.java:114)
at com.sun.javafx.event.BasicEventDispatcher.dispatchEvent(BasicEventDispatcher.java:56)
at com.sun.javafx.event.EventDispatchChainImpl.dispatchEvent(EventDispatchChainImpl.java:114)
at com.sun.javafx.event.BasicEventDispatcher.dispatchEvent(BasicEventDispatcher.java:56)
at com.sun.javafx.event.EventDispatchChainImpl.dispatchEvent(EventDispatchChainImpl.java:114)
at com.sun.javafx.event.EventUtil.fireEventImpl(EventUtil.java:74)
at com.sun.javafx.event.EventUtil.fireEvent(EventUtil.java:49)
at javafx.event.Event.fireEvent(Event.java:198)
at javafx.scene.Node.fireEvent(Node.java:8411)
at javafx.scene.control.Button.fire(Button.java:185)
at com.sun.javafx.scene.control.behavior.ButtonBehavior.mouseReleased(ButtonBehavior.java:182)
at com.sun.javafx.scene.control.skin.BehaviorSkinBase$1.handle(BehaviorSkinBase.java:96)
at com.sun.javafx.scene.control.skin.BehaviorSkinBase$1.handle(BehaviorSkinBase.java:89)
at com.sun.javafx.event.CompositeEventHandler$NormalEventHandlerRecord.handleBubblingEvent(CompositeEventHandler.java:218)
at com.sun.javafx.event.CompositeEventHandler.dispatchBubblingEvent(CompositeEventHandler.java:80)
at com.sun.javafx.event.EventHandlerManager.dispatchBubblingEvent(EventHandlerManager.java:238)
at com.sun.javafx.event.EventHandlerManager.dispatchBubblingEvent(EventHandlerManager.java:191)
at com.sun.javafx.event.CompositeEventDispatcher.dispatchBubblingEvent(CompositeEventDispatcher.java:59)
at com.sun.javafx.event.BasicEventDispatcher.dispatchEvent(BasicEventDispatcher.java:58)
at com.sun.javafx.event.EventDispatchChainImpl.dispatchEvent(EventDispatchChainImpl.java:114)
at com.sun.javafx.event.BasicEventDispatcher.dispatchEvent(BasicEventDispatcher.java:56)
at com.sun.javafx.event.EventDispatchChainImpl.dispatchEvent(EventDispatchChainImpl.java:114)
at com.sun.javafx.event.BasicEventDispatcher.dispatchEvent(BasicEventDispatcher.java:56)
at com.sun.javafx.event.EventDispatchChainImpl.dispatchEvent(EventDispatchChainImpl.java:114)
at com.sun.javafx.event.EventUtil.fireEventImpl(EventUtil.java:74)
at com.sun.javafx.event.EventUtil.fireEvent(EventUtil.java:54)
at javafx.event.Event.fireEvent(Event.java:198)
at javafx.scene.Scene$MouseHandler.process(Scene.java:3757)
at javafx.scene.Scene$MouseHandler.access$1500(Scene.java:3485)
at javafx.scene.Scene.impl_processMouseEvent(Scene.java:1762)
at javafx.scene.Scene$ScenePeerListener.mouseEvent(Scene.java:2494)
at com.sun.javafx.tk.quantum.GlassViewEventHandler$MouseEventNotification.run(GlassViewEventHandler.java:394)
at com.sun.javafx.tk.quantum.GlassViewEventHandler$MouseEventNotification.run(GlassViewEventHandler.java:295)
at java.security.AccessController.doPrivileged(Native Method)
at com.sun.javafx.tk.quantum.GlassViewEventHandler.lambda$handleMouseEvent$2(GlassViewEventHandler.java:432)
at com.sun.javafx.tk.quantum.QuantumToolkit.runWithoutRenderLock(QuantumToolkit.java:410)
at com.sun.javafx.tk.quantum.GlassViewEventHandler.handleMouseEvent(GlassViewEventHandler.java:431)
at com.sun.glass.ui.View.handleMouseEvent(View.java:555)
at com.sun.glass.ui.View.notifyMouse(View.java:937)
at com.sun.glass.ui.win.WinApplication._runLoop(Native Method)
at com.sun.glass.ui.win.WinApplication.lambda$null$4(WinApplication.java:186)
at java.lang.Thread.run(Unknown Source)
]]>
    </error>
  </testcase> <!-- testnextBirthdayModify -->
  <system-out/>
  <testcase name="testhomeSearch" time="0.843" classname="TailoredSuiteInternetExplorer.AB_suit"/>
  <system-out/>
  <testcase name="testhomeAddToSpecific" time="2.260" classname="TailoredSuiteInternetExplorer.AB_suit"/>
  <system-out/>
  <testcase name="testhomesendMailToSpecific" time="4.566" classname="TailoredSuiteInternetExplorer.AB_suit"/>
  <system-out/>
  <testcase name="testhomeAddToAll" time="2.066" classname="TailoredSuiteInternetExplorer.AB_suit"/>
  <system-out/>
  <testcase name="CheckPhonesTest" time="0.387" classname="TailoredSuiteInternetExplorer.AB_suit">
    <failure type="junit.framework.AssertionFailedError" message="expected:&lt;true&gt; but was:&lt;false&gt;">
      <![CDATA[junit.framework.AssertionFailedError: expected:<true> but was:<false>
at junit.framework.Assert.fail(Assert.java:57)
at junit.framework.Assert.failNotEquals(Assert.java:329)
at junit.framework.Assert.assertEquals(Assert.java:78)
at junit.framework.Assert.assertEquals(Assert.java:174)
at junit.framework.Assert.assertEquals(Assert.java:181)
at TailoredSuiteInternetExplorer.AB_suit.CheckPhonesTest(AB_suit.java:435)
at sun.reflect.NativeMethodAccessorImpl.invoke0(Native Method)
at sun.reflect.NativeMethodAccessorImpl.invoke(Unknown Source)
at sun.reflect.DelegatingMethodAccessorImpl.invoke(Unknown Source)
at java.lang.reflect.Method.invoke(Unknown Source)
at org.testng.internal.MethodInvocationHelper.invokeMethod(MethodInvocationHelper.java:132)
at org.testng.internal.TestInvoker.invokeMethod(TestInvoker.java:599)
at org.testng.internal.TestInvoker.invokeTestMethod(TestInvoker.java:174)
at org.testng.internal.MethodRunner.runInSequence(MethodRunner.java:46)
at org.testng.internal.TestInvoker$MethodInvocationAgent.invoke(TestInvoker.java:822)
at org.testng.internal.TestInvoker.invokeTestMethods(TestInvoker.java:147)
at org.testng.internal.TestMethodWorker.invokeTestMethods(TestMethodWorker.java:146)
at org.testng.internal.TestMethodWorker.run(TestMethodWorker.java:128)
at java.util.ArrayList.forEach(Unknown Source)
at org.testng.TestRunner.privateRun(TestRunner.java:764)
at org.testng.TestRunner.run(TestRunner.java:585)
at org.testng.SuiteRunner.runTest(SuiteRunner.java:384)
at org.testng.SuiteRunner.runSequentially(SuiteRunner.java:378)
at org.testng.SuiteRunner.privateRun(SuiteRunner.java:337)
at org.testng.SuiteRunner.run(SuiteRunner.java:286)
at org.testng.SuiteRunnerWorker.runSuite(SuiteRunnerWorker.java:53)
at org.testng.SuiteRunnerWorker.run(SuiteRunnerWorker.java:96)
at org.testng.TestNG.runSuitesSequentially(TestNG.java:1218)
at org.testng.TestNG.runSuitesLocally(TestNG.java:1140)
at org.testng.TestNG.runSuites(TestNG.java:1069)
at org.testng.TestNG.run(TestNG.java:1037)
at Logics.TestNGRunnerTailoredSuite.testRunner(TestNGRunnerTailoredSuite.java:115)
at Logics.TestCaseStatusTableView.lambda$2(TestCaseStatusTableView.java:123)
at com.sun.javafx.event.CompositeEventHandler.dispatchBubblingEvent(CompositeEventHandler.java:86)
at com.sun.javafx.event.EventHandlerManager.dispatchBubblingEvent(EventHandlerManager.java:238)
at com.sun.javafx.event.EventHandlerManager.dispatchBubblingEvent(EventHandlerManager.java:191)
at com.sun.javafx.event.CompositeEventDispatcher.dispatchBubblingEvent(CompositeEventDispatcher.java:59)
at com.sun.javafx.event.BasicEventDispatcher.dispatchEvent(BasicEventDispatcher.java:58)
at com.sun.javafx.event.EventDispatchChainImpl.dispatchEvent(EventDispatchChainImpl.java:114)
at com.sun.javafx.event.BasicEventDispatcher.dispatchEvent(BasicEventDispatcher.java:56)
at com.sun.javafx.event.EventDispatchChainImpl.dispatchEvent(EventDispatchChainImpl.java:114)
at com.sun.javafx.event.BasicEventDispatcher.dispatchEvent(BasicEventDispatcher.java:56)
at com.sun.javafx.event.EventDispatchChainImpl.dispatchEvent(EventDispatchChainImpl.java:114)
at com.sun.javafx.event.EventUtil.fireEventImpl(EventUtil.java:74)
at com.sun.javafx.event.EventUtil.fireEvent(EventUtil.java:49)
at javafx.event.Event.fireEvent(Event.java:198)
at javafx.scene.Node.fireEvent(Node.java:8411)
at javafx.scene.control.Button.fire(Button.java:185)
at com.sun.javafx.scene.control.behavior.ButtonBehavior.mouseReleased(ButtonBehavior.java:182)
at com.sun.javafx.scene.control.skin.BehaviorSkinBase$1.handle(BehaviorSkinBase.java:96)
at com.sun.javafx.scene.control.skin.BehaviorSkinBase$1.handle(BehaviorSkinBase.java:89)
at com.sun.javafx.event.CompositeEventHandler$NormalEventHandlerRecord.handleBubblingEvent(CompositeEventHandler.java:218)
at com.sun.javafx.event.CompositeEventHandler.dispatchBubblingEvent(CompositeEventHandler.java:80)
at com.sun.javafx.event.EventHandlerManager.dispatchBubblingEvent(EventHandlerManager.java:238)
at com.sun.javafx.event.EventHandlerManager.dispatchBubblingEvent(EventHandlerManager.java:191)
at com.sun.javafx.event.CompositeEventDispatcher.dispatchBubblingEvent(CompositeEventDispatcher.java:59)
at com.sun.javafx.event.BasicEventDispatcher.dispatchEvent(BasicEventDispatcher.java:58)
at com.sun.javafx.event.EventDispatchChainImpl.dispatchEvent(EventDispatchChainImpl.java:114)
at com.sun.javafx.event.BasicEventDispatcher.dispatchEvent(BasicEventDispatcher.java:56)
at com.sun.javafx.event.EventDispatchChainImpl.dispatchEvent(EventDispatchChainImpl.java:114)
at com.sun.javafx.event.BasicEventDispatcher.dispatchEvent(BasicEventDispatcher.java:56)
at com.sun.javafx.event.EventDispatchChainImpl.dispatchEvent(EventDispatchChainImpl.java:114)
at com.sun.javafx.event.EventUtil.fireEventImpl(EventUtil.java:74)
at com.sun.javafx.event.EventUtil.fireEvent(EventUtil.java:54)
at javafx.event.Event.fireEvent(Event.java:198)
at javafx.scene.Scene$MouseHandler.process(Scene.java:3757)
at javafx.scene.Scene$MouseHandler.access$1500(Scene.java:3485)
at javafx.scene.Scene.impl_processMouseEvent(Scene.java:1762)
at javafx.scene.Scene$ScenePeerListener.mouseEvent(Scene.java:2494)
at com.sun.javafx.tk.quantum.GlassViewEventHandler$MouseEventNotification.run(GlassViewEventHandler.java:394)
at com.sun.javafx.tk.quantum.GlassViewEventHandler$MouseEventNotification.run(GlassViewEventHandler.java:295)
at java.security.AccessController.doPrivileged(Native Method)
at com.sun.javafx.tk.quantum.GlassViewEventHandler.lambda$handleMouseEvent$2(GlassViewEventHandler.java:432)
at com.sun.javafx.tk.quantum.QuantumToolkit.runWithoutRenderLock(QuantumToolkit.java:410)
at com.sun.javafx.tk.quantum.GlassViewEventHandler.handleMouseEvent(GlassViewEventHandler.java:431)
at com.sun.glass.ui.View.handleMouseEvent(View.java:555)
at com.sun.glass.ui.View.notifyMouse(View.java:937)
at com.sun.glass.ui.win.WinApplication._runLoop(Native Method)
at com.sun.glass.ui.win.WinApplication.lambda$null$4(WinApplication.java:186)
at java.lang.Thread.run(Unknown Source)
]]>
    </failure>
  </testcase> <!-- CheckPhonesTest -->
  <system-out/>
  <testcase name="SearchEntryByGroupTest" time="0.858" classname="TailoredSuiteInternetExplorer.AB_suit"/>
  <system-out/>
  <testcase name="SearchEntryTest" time="1.289" classname="TailoredSuiteInternetExplorer.AB_suit"/>
  <system-out/>
  <testcase name="testVerifyWrongEntry" time="1.573" classname="TailoredSuiteInternetExplorer.AB_suit"/>
  <system-out/>
</testsuite> <!-- TailoredSuiteInternetExplorer.AB_suit -->
